2026-02-17 16:28:13,106 [INFO] Loading Faster-Whisper model: small
2026-02-17 16:28:13,930 [INFO] HTTP Request: GET https://huggingface.co/api/models/Systran/faster-whisper-small/revision/main "HTTP/1.1 200 OK"
2026-02-17 16:28:14,168 [INFO] HTTP Request: HEAD https://huggingface.co/Systran/faster-whisper-small/resolve/536b0662742c02347bc0e980a01041f333bce120/config.json "HTTP/1.1 307 Temporary Redirect"
2026-02-17 16:28:14,187 [INFO] HTTP Request: HEAD https://huggingface.co/api/resolve-cache/models/Systran/faster-whisper-small/536b0662742c02347bc0e980a01041f333bce120/config.json "HTTP/1.1 200 OK"
2026-02-17 16:28:14,201 [INFO] HTTP Request: HEAD https://huggingface.co/Systran/faster-whisper-small/resolve/536b0662742c02347bc0e980a01041f333bce120/model.bin "HTTP/1.1 302 Found"
2026-02-17 16:28:14,202 [WARNING] Warning: You are sending unauthenticated requests to the HF Hub. Please set a HF_TOKEN to enable higher rate limits and faster downloads.
2026-02-17 16:28:14,295 [INFO] HTTP Request: HEAD https://huggingface.co/Systran/faster-whisper-small/resolve/536b0662742c02347bc0e980a01041f333bce120/tokenizer.json "HTTP/1.1 307 Temporary Redirect"
2026-02-17 16:28:14,296 [INFO] HTTP Request: GET https://huggingface.co/api/resolve-cache/models/Systran/faster-whisper-small/536b0662742c02347bc0e980a01041f333bce120/config.json "HTTP/1.1 200 OK"
2026-02-17 16:28:14,297 [INFO] HTTP Request: HEAD https://huggingface.co/Systran/faster-whisper-small/resolve/536b0662742c02347bc0e980a01041f333bce120/vocabulary.txt "HTTP/1.1 307 Temporary Redirect"
2026-02-17 16:28:14,320 [INFO] HTTP Request: HEAD https://huggingface.co/api/resolve-cache/models/Systran/faster-whisper-small/536b0662742c02347bc0e980a01041f333bce120/tokenizer.json "HTTP/1.1 200 OK"
2026-02-17 16:28:14,320 [INFO] HTTP Request: HEAD https://huggingface.co/api/resolve-cache/models/Systran/faster-whisper-small/536b0662742c02347bc0e980a01041f333bce120/vocabulary.txt "HTTP/1.1 200 OK"
2026-02-17 16:28:14,342 [INFO] HTTP Request: GET https://huggingface.co/api/resolve-cache/models/Systran/faster-whisper-small/536b0662742c02347bc0e980a01041f333bce120/vocabulary.txt "HTTP/1.1 200 OK"
2026-02-17 16:28:14,342 [INFO] HTTP Request: GET https://huggingface.co/api/resolve-cache/models/Systran/faster-whisper-small/536b0662742c02347bc0e980a01041f333bce120/tokenizer.json "HTTP/1.1 200 OK"
2026-02-17 16:28:14,463 [INFO] HTTP Request: GET https://huggingface.co/api/models/Systran/faster-whisper-small/xet-read-token/536b0662742c02347bc0e980a01041f333bce120 "HTTP/1.1 200 OK"
2026-02-17 16:28:35,311 [INFO] Starting Transcriber Service
2026-02-17 16:28:35,315 [INFO] Extracting audio from The Breakfast Club FULL SHOW 02-16-26 [5DYASpCgz_0].mp4...
2026-02-17 16:28:43,031 [INFO] Transcribing The Breakfast Club FULL SHOW 02-16-26 [5DYASpCgz_0].mp4...
2026-02-17 16:28:43,721 [INFO] Processing audio with duration 01:23:38.506
2026-02-17 16:29:00,893 [INFO] Transcription language: en (1.00)
2026-02-17 16:30:10,074 [INFO] Loading Faster-Whisper model: small
2026-02-17 16:30:10,543 [INFO] HTTP Request: GET https://huggingface.co/api/models/Systran/faster-whisper-small/revision/main "HTTP/1.1 200 OK"
2026-02-17 16:30:11,730 [INFO] Starting Transcriber Service
2026-02-17 16:30:11,731 [INFO] Extracting audio from Cary Elwes ｜ Club Random with Bill Maher [sTHSMmGbrk0].mp4...
2026-02-17 16:30:20,238 [INFO] Transcribing Cary Elwes ｜ Club Random with Bill Maher [sTHSMmGbrk0].mp4...
2026-02-17 16:30:21,065 [INFO] Processing audio with duration 01:34:31.799
2026-02-17 16:30:30,978 [INFO] Transcription language: en (1.00)
2026-02-17 16:56:07,192 [INFO] Transcription finished in 1546.95s
2026-02-17 16:56:07,354 [INFO] Saved: Cary Elwes ｜ Club Random with Bill Maher [sTHSMmGbrk0].json
2026-02-17 16:56:07,422 [INFO] Saved: Cary Elwes ｜ Club Random with Bill Maher [sTHSMmGbrk0]_simple.json
2026-02-17 16:56:07,455 [INFO] Transcriber Process Complete
2026-02-17 17:00:29,498 [INFO] Loading Faster-Whisper model: small
2026-02-17 17:00:29,962 [INFO] HTTP Request: GET https://huggingface.co/api/models/Systran/faster-whisper-small/revision/main "HTTP/1.1 200 OK"
2026-02-17 17:00:30,932 [INFO] Starting Transcriber Service
2026-02-17 17:00:30,934 [INFO] Skipping Cary Elwes ｜ Club Random with Bill Maher [sTHSMmGbrk0].mp4 (already transcribed)
2026-02-17 17:00:30,934 [INFO] Transcriber Process Complete
2026-02-17 17:02:13,529 [INFO] Loading Faster-Whisper model: small
2026-02-17 17:02:13,953 [INFO] HTTP Request: GET https://huggingface.co/api/models/Systran/faster-whisper-small/revision/main "HTTP/1.1 200 OK"
2026-02-17 17:02:15,347 [INFO] Starting Transcriber Service
2026-02-17 17:02:15,348 [INFO] Extracting audio from Exposed： The Secret Reason 84% of Americans are Being Ignored. The TRUTH Behind The SAVE Act [qUyoUtkdweE].mp4...
2026-02-17 17:02:17,820 [INFO] Transcribing Exposed： The Secret Reason 84% of Americans are Being Ignored. The TRUTH Behind The SAVE Act [qUyoUtkdweE].mp4...
2026-02-17 17:02:18,033 [INFO] Processing audio with duration 31:42.968
2026-02-17 17:02:19,575 [INFO] Transcription language: en (1.00)
2026-02-17 17:10:00,053 [INFO] Transcription finished in 462.23s
2026-02-17 17:10:00,090 [INFO] Saved: Exposed： The Secret Reason 84% of Americans are Being Ignored. The TRUTH Behind The SAVE Act [qUyoUtkdweE].json
2026-02-17 17:10:00,112 [INFO] Saved: Exposed： The Secret Reason 84% of Americans are Being Ignored. The TRUTH Behind The SAVE Act [qUyoUtkdweE]_simple.json
2026-02-17 17:10:00,134 [INFO] Transcriber Process Complete
2026-02-17 17:17:42,962 [INFO] Loading Faster-Whisper model: small
2026-02-17 17:17:43,414 [INFO] HTTP Request: GET https://huggingface.co/api/models/Systran/faster-whisper-small/revision/main "HTTP/1.1 200 OK"
2026-02-17 17:17:44,452 [INFO] Starting Transcriber Service
2026-02-17 17:17:44,453 [INFO] Extracting audio from DOJ SHUTS DOWN Epstein Files, Free Speech Battles, & World Order Debated at Munich Conference [n8Dcgdj4Nnw].mp4...
2026-02-17 17:17:50,629 [INFO] Transcribing DOJ SHUTS DOWN Epstein Files, Free Speech Battles, & World Order Debated at Munich Conference [n8Dcgdj4Nnw].mp4...
2026-02-17 17:17:51,443 [INFO] Processing audio with duration 01:55:16.644
2026-02-17 17:19:09,883 [INFO] Transcription language: en (1.00)
2026-02-17 18:00:22,498 [INFO] Transcription finished in 2551.86s
2026-02-17 18:00:22,699 [INFO] Saved: DOJ SHUTS DOWN Epstein Files, Free Speech Battles, & World Order Debated at Munich Conference [n8Dcgdj4Nnw].json
2026-02-17 18:00:22,779 [INFO] Saved: DOJ SHUTS DOWN Epstein Files, Free Speech Battles, & World Order Debated at Munich Conference [n8Dcgdj4Nnw]_simple.json
2026-02-17 18:00:22,835 [INFO] Transcriber Process Complete
2026-02-17 18:28:19,202 [INFO] Loading Faster-Whisper model: small
2026-02-17 18:28:19,680 [INFO] HTTP Request: GET https://huggingface.co/api/models/Systran/faster-whisper-small/revision/main "HTTP/1.1 200 OK"
2026-02-17 18:28:20,767 [INFO] Starting Transcriber Service
2026-02-17 18:28:20,768 [INFO] Extracting audio from Exposed： The Secret Reason 84% of Americans are Being Ignored. The TRUTH Behind The SAVE Act [qUyoUtkdweE].mp4...
2026-02-17 18:28:23,300 [INFO] Transcribing Exposed： The Secret Reason 84% of Americans are Being Ignored. The TRUTH Behind The SAVE Act [qUyoUtkdweE].mp4...
2026-02-17 18:28:23,563 [INFO] Processing audio with duration 31:42.968
2026-02-17 18:28:25,130 [INFO] Transcription language: en (1.00)
2026-02-17 18:36:08,017 [INFO] Transcription finished in 464.72s
2026-02-17 18:36:08,060 [INFO] Saved: Exposed： The Secret Reason 84% of Americans are Being Ignored. The TRUTH Behind The SAVE Act [qUyoUtkdweE].json
2026-02-17 18:36:08,088 [INFO] Saved: Exposed： The Secret Reason 84% of Americans are Being Ignored. The TRUTH Behind The SAVE Act [qUyoUtkdweE]_simple.json
2026-02-17 18:36:08,115 [INFO] Transcriber Process Complete
2026-02-17 18:42:02,107 [INFO] Loading Faster-Whisper model: small
2026-02-17 18:42:02,548 [INFO] HTTP Request: GET https://huggingface.co/api/models/Systran/faster-whisper-small/revision/main "HTTP/1.1 200 OK"
2026-02-17 18:42:03,549 [INFO] Starting Transcriber Service
2026-02-17 18:42:03,550 [INFO] Extracting audio from Mark Zuckerberg Showed Me Secret Future Tech [ecqavad2D30].mp4...
2026-02-17 18:42:04,398 [INFO] Transcribing Mark Zuckerberg Showed Me Secret Future Tech [ecqavad2D30].mp4...
2026-02-17 18:42:04,537 [INFO] Processing audio with duration 15:41.755
2026-02-17 18:42:05,349 [INFO] Transcription language: en (1.00)
2026-02-17 18:47:12,665 [INFO] Transcription finished in 308.26s
2026-02-17 18:47:12,699 [INFO] Saved: Mark Zuckerberg Showed Me Secret Future Tech [ecqavad2D30].json
2026-02-17 18:47:12,712 [INFO] Saved: Mark Zuckerberg Showed Me Secret Future Tech [ecqavad2D30]_simple.json
2026-02-17 18:47:12,726 [INFO] Transcriber Process Complete
2026-02-17 18:52:10,034 [INFO] Loading Faster-Whisper model: small
2026-02-17 18:52:10,467 [INFO] HTTP Request: GET https://huggingface.co/api/models/Systran/faster-whisper-small/revision/main "HTTP/1.1 200 OK"
2026-02-17 18:52:11,559 [INFO] Starting Transcriber Service
2026-02-17 18:52:11,560 [INFO] Extracting audio from The Science of Love, Desire & Attachment ｜ Huberman Lab Essentials [NEkUNahduWY].mp4...
2026-02-17 18:52:13,245 [INFO] Transcribing The Science of Love, Desire & Attachment ｜ Huberman Lab Essentials [NEkUNahduWY].mp4...
2026-02-17 18:52:13,441 [INFO] Processing audio with duration 35:48.635
2026-02-17 18:52:15,081 [INFO] Transcription language: en (1.00)
2026-02-17 19:01:33,584 [INFO] Transcription finished in 560.34s
2026-02-17 19:01:33,639 [INFO] Saved: The Science of Love, Desire & Attachment ｜ Huberman Lab Essentials [NEkUNahduWY].json
2026-02-17 19:01:33,663 [INFO] Saved: The Science of Love, Desire & Attachment ｜ Huberman Lab Essentials [NEkUNahduWY]_simple.json
2026-02-17 19:01:33,683 [INFO] Transcriber Process Complete
2026-02-17 19:10:20,900 [INFO] Loading Faster-Whisper model: small
2026-02-17 19:10:21,338 [INFO] HTTP Request: GET https://huggingface.co/api/models/Systran/faster-whisper-small/revision/main "HTTP/1.1 200 OK"
2026-02-17 19:10:22,374 [INFO] Starting Transcriber Service
2026-02-17 19:10:22,375 [INFO] Extracting audio from Mark Zuckerberg Showed Me Secret Future Tech [ecqavad2D30].mp4...
2026-02-17 19:10:23,214 [INFO] Transcribing Mark Zuckerberg Showed Me Secret Future Tech [ecqavad2D30].mp4...
2026-02-17 19:10:23,339 [INFO] Processing audio with duration 15:41.755
2026-02-17 19:10:24,110 [INFO] Transcription language: en (1.00)
2026-02-17 19:15:18,812 [INFO] Transcription finished in 295.60s
2026-02-17 19:15:18,835 [INFO] Saved: Mark Zuckerberg Showed Me Secret Future Tech [ecqavad2D30].json
2026-02-17 19:15:18,851 [INFO] Saved: Mark Zuckerberg Showed Me Secret Future Tech [ecqavad2D30]_simple.json
2026-02-17 19:15:18,865 [INFO] Transcriber Process Complete
